# JRE version: Java(TM) SE Runtime Environment (8.0_131-b11) (build 1.8.0_131-b11)
# Java VM: Java HotSpot(TM) 64-Bit Server VM (25.131-b11 mixed mode windows-amd64 compressed oops)
Heap:
 PSYoungGen      total 249344K, used 109284K [0x00000000e0000000, 0x00000000f2880000, 0x0000000100000000)
  eden space 216064K, 45% used [0x00000000e0000000,0x00000000e5f0fc28,0x00000000ed300000)
  from space 33280K, 35% used [0x00000000ed300000,0x00000000edea9498,0x00000000ef380000)
  to   space 31744K, 0% used [0x00000000f0980000,0x00000000f0980000,0x00000000f2880000)
 ParOldGen       total 131584K, used 65471K [0x00000000a0000000, 0x00000000a8080000, 0x00000000e0000000)
  object space 131584K, 49% used [0x00000000a0000000,0x00000000a3fefc90,0x00000000a8080000)
 Metaspace       used 83954K, capacity 87722K, committed 87808K, reserved 1124352K
  class space    used 11262K, capacity 11987K, committed 12032K, reserved 1048576K
GC Heap History (10 events):
Event: 42.649 GC heap before
{Heap before GC invocations=16 (full 3):
 PSYoungGen      total 185344K, used 166400K [0x00000000e0000000, 0x00000000ee780000, 0x0000000100000000)
  eden space 166400K, 100% used [0x00000000e0000000,0x00000000ea280000,0x00000000ea280000)
  from space 18944K, 0% used [0x00000000eb580000,0x00000000eb580000,0x00000000ec800000)
  to   space 19456K, 0% used [0x00000000ea280000,0x00000000ea280000,0x00000000eb580000)
 ParOldGen       total 131584K, used 29282K [0x00000000a0000000, 0x00000000a8080000, 0x00000000e0000000)
  object space 131584K, 22% used [0x00000000a0000000,0x00000000a1c98a70,0x00000000a8080000)
 Metaspace       used 63732K, capacity 66046K, committed 66304K, reserved 1105920K
  class space    used 8895K, capacity 9406K, committed 9472K, reserved 1048576K
Event: 42.681 GC heap after
Heap after GC invocations=16 (full 3):
 PSYoungGen      total 185856K, used 17815K [0x00000000e0000000, 0x00000000eed80000, 0x0000000100000000)
  eden space 166400K, 0% used [0x00000000e0000000,0x00000000e0000000,0x00000000ea280000)
  from space 19456K, 91% used [0x00000000ea280000,0x00000000eb3e5f90,0x00000000eb580000)
  to   space 22016K, 0% used [0x00000000ed800000,0x00000000ed800000,0x00000000eed80000)
 ParOldGen       total 131584K, used 29290K [0x00000000a0000000, 0x00000000a8080000, 0x00000000e0000000)
  object space 131584K, 22% used [0x00000000a0000000,0x00000000a1c9aa70,0x00000000a8080000)
 Metaspace       used 63732K, capacity 66046K, committed 66304K, reserved 1105920K
  class space    used 8895K, capacity 9406K, committed 9472K, reserved 1048576K
}
Event: 322.464 GC heap before
{Heap before GC invocations=17 (full 3):
 PSYoungGen      total 185856K, used 184215K [0x00000000e0000000, 0x00000000eed80000, 0x0000000100000000)
  eden space 166400K, 100% used [0x00000000e0000000,0x00000000ea280000,0x00000000ea280000)
  from space 19456K, 91% used [0x00000000ea280000,0x00000000eb3e5f90,0x00000000eb580000)
  to   space 22016K, 0% used [0x00000000ed800000,0x00000000ed800000,0x00000000eed80000)
 ParOldGen       total 131584K, used 29290K [0x00000000a0000000, 0x00000000a8080000, 0x00000000e0000000)
  object space 131584K, 22% used [0x00000000a0000000,0x00000000a1c9aa70,0x00000000a8080000)
 Metaspace       used 71887K, capacity 74792K, committed 75136K, reserved 1114112K
  class space    used 9885K, capacity 10503K, committed 10624K, reserved 1048576K
Event: 322.529 GC heap after
Heap after GC invocations=17 (full 3):
 PSYoungGen      total 215040K, used 21997K [0x00000000e0000000, 0x00000000eee80000, 0x0000000100000000)
  eden space 193024K, 0% used [0x00000000e0000000,0x00000000e0000000,0x00000000ebc80000)
  from space 22016K, 99% used [0x00000000ed800000,0x00000000eed7b6b8,0x00000000eed80000)
  to   space 25600K, 0% used [0x00000000ebc80000,0x00000000ebc80000,0x00000000ed580000)
 ParOldGen       total 131584K, used 30117K [0x00000000a0000000, 0x00000000a8080000, 0x00000000e0000000)
  object space 131584K, 22% used [0x00000000a0000000,0x00000000a1d69498,0x00000000a8080000)
 Metaspace       used 71887K, capacity 74792K, committed 75136K, reserved 1114112K
  class space    used 9885K, capacity 10503K, committed 10624K, reserved 1048576K
}
Event: 334.398 GC heap before
{Heap before GC invocations=18 (full 3):
 PSYoungGen      total 215040K, used 215021K [0x00000000e0000000, 0x00000000eee80000, 0x0000000100000000)
  eden space 193024K, 100% used [0x00000000e0000000,0x00000000ebc80000,0x00000000ebc80000)
  from space 22016K, 99% used [0x00000000ed800000,0x00000000eed7b6b8,0x00000000eed80000)
  to   space 25600K, 0% used [0x00000000ebc80000,0x00000000ebc80000,0x00000000ed580000)
 ParOldGen       total 131584K, used 30117K [0x00000000a0000000, 0x00000000a8080000, 0x00000000e0000000)
  object space 131584K, 22% used [0x00000000a0000000,0x00000000a1d69498,0x00000000a8080000)
 Metaspace       used 78448K, capacity 81858K, committed 82176K, reserved 1120256K
  class space    used 10692K, capacity 11409K, committed 11520K, reserved 1048576K
Event: 334.522 GC heap after
Heap after GC invocations=18 (full 3):
 PSYoungGen      total 218624K, used 15938K [0x00000000e0000000, 0x00000000f0d00000, 0x0000000100000000)
  eden space 193024K, 0% used [0x00000000e0000000,0x00000000e0000000,0x00000000ebc80000)
  from space 25600K, 62% used [0x00000000ebc80000,0x00000000ecc10a98,0x00000000ed580000)
  to   space 26112K, 0% used [0x00000000ef380000,0x00000000ef380000,0x00000000f0d00000)
 ParOldGen       total 131584K, used 45347K [0x00000000a0000000, 0x00000000a8080000, 0x00000000e0000000)
  object space 131584K, 34% used [0x00000000a0000000,0x00000000a2c48c00,0x00000000a8080000)
 Metaspace       used 78448K, capacity 81858K, committed 82176K, reserved 1120256K
  class space    used 10692K, capacity 11409K, committed 11520K, reserved 1048576K
}
Event: 338.590 GC heap before
{Heap before GC invocations=19 (full 3):
 PSYoungGen      total 218624K, used 208962K [0x00000000e0000000, 0x00000000f0d00000, 0x0000000100000000)
  eden space 193024K, 100% used [0x00000000e0000000,0x00000000ebc80000,0x00000000ebc80000)
  from space 25600K, 62% used [0x00000000ebc80000,0x00000000ecc10a98,0x00000000ed580000)
  to   space 26112K, 0% used [0x00000000ef380000,0x00000000ef380000,0x00000000f0d00000)
 ParOldGen       total 131584K, used 45347K [0x00000000a0000000, 0x00000000a8080000, 0x00000000e0000000)
  object space 131584K, 34% used [0x00000000a0000000,0x00000000a2c48c00,0x00000000a8080000)
 Metaspace       used 78944K, capacity 82350K, committed 82432K, reserved 1120256K
  class space    used 10718K, capacity 11443K, committed 11520K, reserved 1048576K
Event: 338.731 GC heap after
Heap after GC invocations=19 (full 3):
 PSYoungGen      total 242176K, used 26084K [0x00000000e0000000, 0x00000000f2380000, 0x0000000100000000)
  eden space 216064K, 0% used [0x00000000e0000000,0x00000000e0000000,0x00000000ed300000)
  from space 26112K, 99% used [0x00000000ef380000,0x00000000f0cf91d0,0x00000000f0d00000)
  to   space 33280K, 0% used [0x00000000ed300000,0x00000000ed300000,0x00000000ef380000)
 ParOldGen       total 131584K, used 54354K [0x00000000a0000000, 0x00000000a8080000, 0x00000000e0000000)
  object space 131584K, 41% used [0x00000000a0000000,0x00000000a35149c0,0x00000000a8080000)
 Metaspace       used 78944K, capacity 82350K, committed 82432K, reserved 1120256K
  class space    used 10718K, capacity 11443K, committed 11520K, reserved 1048576K
}
Event: 402.253 GC heap before
{Heap before GC invocations=20 (full 3):
 PSYoungGen      total 242176K, used 242148K [0x00000000e0000000, 0x00000000f2380000, 0x0000000100000000)
  eden space 216064K, 100% used [0x00000000e0000000,0x00000000ed300000,0x00000000ed300000)
  from space 26112K, 99% used [0x00000000ef380000,0x00000000f0cf91d0,0x00000000f0d00000)
  to   space 33280K, 0% used [0x00000000ed300000,0x00000000ed300000,0x00000000ef380000)
 ParOldGen       total 131584K, used 54354K [0x00000000a0000000, 0x00000000a8080000, 0x00000000e0000000)
  object space 131584K, 41% used [0x00000000a0000000,0x00000000a35149c0,0x00000000a8080000)
 Metaspace       used 80913K, capacity 84580K, committed 84736K, reserved 1122304K
  class space    used 10948K, capacity 11658K, committed 11776K, reserved 1048576K
Event: 402.317 GC heap after
Heap after GC invocations=20 (full 3):
 PSYoungGen      total 249344K, used 11941K [0x00000000e0000000, 0x00000000f2880000, 0x0000000100000000)
  eden space 216064K, 0% used [0x00000000e0000000,0x00000000e0000000,0x00000000ed300000)
  from space 33280K, 35% used [0x00000000ed300000,0x00000000edea9498,0x00000000ef380000)
  to   space 31744K, 0% used [0x00000000f0980000,0x00000000f0980000,0x00000000f2880000)
 ParOldGen       total 131584K, used 65471K [0x00000000a0000000, 0x00000000a8080000, 0x00000000e0000000)
  object space 131584K, 49% used [0x00000000a0000000,0x00000000a3fefc90,0x00000000a8080000)
 Metaspace       used 80913K, capacity 84580K, committed 84736K, reserved 1122304K
  class space    used 10948K, capacity 11658K, committed 11776K, reserved 1048576K
}

