# JRE version: Java(TM) SE Runtime Environment (8.0_131-b11) (build 1.8.0_131-b11)
# Java VM: Java HotSpot(TM) 64-Bit Server VM (25.131-b11 mixed mode windows-amd64 compressed oops)
Heap:
 PSYoungGen      total 161280K, used 101602K [0x00000000e0000000, 0x00000000ebd00000, 0x0000000100000000)
  eden space 142336K, 59% used [0x00000000e0000000,0x00000000e52d5228,0x00000000e8b00000)
  from space 18944K, 90% used [0x00000000eaa80000,0x00000000ebb38c80,0x00000000ebd00000)
  to   space 16384K, 0% used [0x00000000e8b00000,0x00000000e8b00000,0x00000000e9b00000)
 ParOldGen       total 137728K, used 54573K [0x00000000a0000000, 0x00000000a8680000, 0x00000000e0000000)
  object space 137728K, 39% used [0x00000000a0000000,0x00000000a354b7a0,0x00000000a8680000)
 Metaspace       used 83581K, capacity 87200K, committed 87424K, reserved 1124352K
  class space    used 11425K, capacity 12081K, committed 12160K, reserved 1048576K
GC Heap History (10 events):
Event: 78.068 GC heap before
{Heap before GC invocations=21 (full 3):
 PSYoungGen      total 145920K, used 144781K [0x00000000e0000000, 0x00000000eab80000, 0x0000000100000000)
  eden space 130560K, 100% used [0x00000000e0000000,0x00000000e7f80000,0x00000000e7f80000)
  from space 15360K, 92% used [0x00000000e7f80000,0x00000000e8d637d0,0x00000000e8e80000)
  to   space 16896K, 0% used [0x00000000e9b00000,0x00000000e9b00000,0x00000000eab80000)
 ParOldGen       total 137728K, used 33322K [0x00000000a0000000, 0x00000000a8680000, 0x00000000e0000000)
  object space 137728K, 24% used [0x00000000a0000000,0x00000000a208a9c0,0x00000000a8680000)
 Metaspace       used 68746K, capacity 71324K, committed 71552K, reserved 1110016K
  class space    used 9467K, capacity 10025K, committed 10112K, reserved 1048576K
Event: 78.109 GC heap after
Heap after GC invocations=21 (full 3):
 PSYoungGen      total 159232K, used 9566K [0x00000000e0000000, 0x00000000eab80000, 0x0000000100000000)
  eden space 142336K, 0% used [0x00000000e0000000,0x00000000e0000000,0x00000000e8b00000)
  from space 16896K, 56% used [0x00000000e9b00000,0x00000000ea4579c8,0x00000000eab80000)
  to   space 16384K, 0% used [0x00000000e8b00000,0x00000000e8b00000,0x00000000e9b00000)
 ParOldGen       total 137728K, used 33322K [0x00000000a0000000, 0x00000000a8680000, 0x00000000e0000000)
  object space 137728K, 24% used [0x00000000a0000000,0x00000000a208a9c0,0x00000000a8680000)
 Metaspace       used 68746K, capacity 71324K, committed 71552K, reserved 1110016K
  class space    used 9467K, capacity 10025K, committed 10112K, reserved 1048576K
}
Event: 87.158 GC heap before
{Heap before GC invocations=22 (full 3):
 PSYoungGen      total 159232K, used 151902K [0x00000000e0000000, 0x00000000eab80000, 0x0000000100000000)
  eden space 142336K, 100% used [0x00000000e0000000,0x00000000e8b00000,0x00000000e8b00000)
  from space 16896K, 56% used [0x00000000e9b00000,0x00000000ea4579c8,0x00000000eab80000)
  to   space 16384K, 0% used [0x00000000e8b00000,0x00000000e8b00000,0x00000000e9b00000)
 ParOldGen       total 137728K, used 33322K [0x00000000a0000000, 0x00000000a8680000, 0x00000000e0000000)
  object space 137728K, 24% used [0x00000000a0000000,0x00000000a208a9c0,0x00000000a8680000)
 Metaspace       used 74298K, capacity 76930K, committed 77056K, reserved 1116160K
  class space    used 10175K, capacity 10714K, committed 10752K, reserved 1048576K
Event: 87.229 GC heap after
Heap after GC invocations=22 (full 3):
 PSYoungGen      total 158720K, used 16357K [0x00000000e0000000, 0x00000000ebd00000, 0x0000000100000000)
  eden space 142336K, 0% used [0x00000000e0000000,0x00000000e0000000,0x00000000e8b00000)
  from space 16384K, 99% used [0x00000000e8b00000,0x00000000e9af94d0,0x00000000e9b00000)
  to   space 18944K, 0% used [0x00000000eaa80000,0x00000000eaa80000,0x00000000ebd00000)
 ParOldGen       total 137728K, used 34827K [0x00000000a0000000, 0x00000000a8680000, 0x00000000e0000000)
  object space 137728K, 25% used [0x00000000a0000000,0x00000000a2202f90,0x00000000a8680000)
 Metaspace       used 74298K, capacity 76930K, committed 77056K, reserved 1116160K
  class space    used 10175K, capacity 10714K, committed 10752K, reserved 1048576K
}
Event: 91.482 GC heap before
{Heap before GC invocations=23 (full 3):
 PSYoungGen      total 158720K, used 158693K [0x00000000e0000000, 0x00000000ebd00000, 0x0000000100000000)
  eden space 142336K, 100% used [0x00000000e0000000,0x00000000e8b00000,0x00000000e8b00000)
  from space 16384K, 99% used [0x00000000e8b00000,0x00000000e9af94d0,0x00000000e9b00000)
  to   space 18944K, 0% used [0x00000000eaa80000,0x00000000eaa80000,0x00000000ebd00000)
 ParOldGen       total 137728K, used 34827K [0x00000000a0000000, 0x00000000a8680000, 0x00000000e0000000)
  object space 137728K, 25% used [0x00000000a0000000,0x00000000a2202f90,0x00000000a8680000)
 Metaspace       used 82515K, capacity 86024K, committed 86272K, reserved 1124352K
  class space    used 11366K, capacity 12027K, committed 12032K, reserved 1048576K
Event: 91.784 GC heap after
Heap after GC invocations=23 (full 3):
 PSYoungGen      total 161280K, used 18926K [0x00000000e0000000, 0x00000000ebd00000, 0x0000000100000000)
  eden space 142336K, 0% used [0x00000000e0000000,0x00000000e0000000,0x00000000e8b00000)
  from space 18944K, 99% used [0x00000000eaa80000,0x00000000ebcfba68,0x00000000ebd00000)
  to   space 16384K, 0% used [0x00000000e8b00000,0x00000000e8b00000,0x00000000e9b00000)
 ParOldGen       total 137728K, used 49707K [0x00000000a0000000, 0x00000000a8680000, 0x00000000e0000000)
  object space 137728K, 36% used [0x00000000a0000000,0x00000000a308aec8,0x00000000a8680000)
 Metaspace       used 82515K, capacity 86024K, committed 86272K, reserved 1124352K
  class space    used 11366K, capacity 12027K, committed 12032K, reserved 1048576K
}
Event: 96.200 GC heap before
{Heap before GC invocations=24 (full 3):
 PSYoungGen      total 161280K, used 161262K [0x00000000e0000000, 0x00000000ebd00000, 0x0000000100000000)
  eden space 142336K, 100% used [0x00000000e0000000,0x00000000e8b00000,0x00000000e8b00000)
  from space 18944K, 99% used [0x00000000eaa80000,0x00000000ebcfba68,0x00000000ebd00000)
  to   space 16384K, 0% used [0x00000000e8b00000,0x00000000e8b00000,0x00000000e9b00000)
 ParOldGen       total 137728K, used 49707K [0x00000000a0000000, 0x00000000a8680000, 0x00000000e0000000)
  object space 137728K, 36% used [0x00000000a0000000,0x00000000a308aec8,0x00000000a8680000)
 Metaspace       used 83379K, capacity 86970K, committed 87168K, reserved 1124352K
  class space    used 11401K, capacity 12078K, committed 12160K, reserved 1048576K
Event: 96.392 GC heap after
Heap after GC invocations=24 (full 3):
 PSYoungGen      total 158720K, used 14914K [0x00000000e0000000, 0x00000000ebd00000, 0x0000000100000000)
  eden space 142336K, 0% used [0x00000000e0000000,0x00000000e0000000,0x00000000e8b00000)
  from space 16384K, 91% used [0x00000000e8b00000,0x00000000e99909b0,0x00000000e9b00000)
  to   space 18944K, 0% used [0x00000000eaa80000,0x00000000eaa80000,0x00000000ebd00000)
 ParOldGen       total 137728K, used 54565K [0x00000000a0000000, 0x00000000a8680000, 0x00000000e0000000)
  object space 137728K, 39% used [0x00000000a0000000,0x00000000a35497a0,0x00000000a8680000)
 Metaspace       used 83379K, capacity 86970K, committed 87168K, reserved 1124352K
  class space    used 11401K, capacity 12078K, committed 12160K, reserved 1048576K
}
Event: 98.556 GC heap before
{Heap before GC invocations=25 (full 3):
 PSYoungGen      total 158720K, used 157250K [0x00000000e0000000, 0x00000000ebd00000, 0x0000000100000000)
  eden space 142336K, 100% used [0x00000000e0000000,0x00000000e8b00000,0x00000000e8b00000)
  from space 16384K, 91% used [0x00000000e8b00000,0x00000000e99909b0,0x00000000e9b00000)
  to   space 18944K, 0% used [0x00000000eaa80000,0x00000000eaa80000,0x00000000ebd00000)
 ParOldGen       total 137728K, used 54565K [0x00000000a0000000, 0x00000000a8680000, 0x00000000e0000000)
  object space 137728K, 39% used [0x00000000a0000000,0x00000000a35497a0,0x00000000a8680000)
 Metaspace       used 83519K, capacity 87136K, committed 87424K, reserved 1124352K
  class space    used 11417K, capacity 12081K, committed 12160K, reserved 1048576K
Event: 98.689 GC heap after
Heap after GC invocations=25 (full 3):
 PSYoungGen      total 161280K, used 17123K [0x00000000e0000000, 0x00000000ebd00000, 0x0000000100000000)
  eden space 142336K, 0% used [0x00000000e0000000,0x00000000e0000000,0x00000000e8b00000)
  from space 18944K, 90% used [0x00000000eaa80000,0x00000000ebb38c80,0x00000000ebd00000)
  to   space 16384K, 0% used [0x00000000e8b00000,0x00000000e8b00000,0x00000000e9b00000)
 ParOldGen       total 137728K, used 54573K [0x00000000a0000000, 0x00000000a8680000, 0x00000000e0000000)
  object space 137728K, 39% used [0x00000000a0000000,0x00000000a354b7a0,0x00000000a8680000)
 Metaspace       used 83519K, capacity 87136K, committed 87424K, reserved 1124352K
  class space    used 11417K, capacity 12081K, committed 12160K, reserved 1048576K
}

