# JRE version: Java(TM) SE Runtime Environment (8.0_131-b11) (build 1.8.0_131-b11)
# Java VM: Java HotSpot(TM) 64-Bit Server VM (25.131-b11 mixed mode windows-amd64 compressed oops)
Heap:
 PSYoungGen      total 187392K, used 31990K [0x00000000e0000000, 0x00000000edf00000, 0x0000000100000000)
  eden space 171520K, 9% used [0x00000000e0000000,0x00000000e0fc3c50,0x00000000ea780000)
  from space 15872K, 99% used [0x00000000ebd80000,0x00000000eccf9df0,0x00000000ecd00000)
  to   space 22528K, 0% used [0x00000000ea780000,0x00000000ea780000,0x00000000ebd80000)
 ParOldGen       total 140800K, used 43435K [0x00000000a0000000, 0x00000000a8980000, 0x00000000e0000000)
  object space 140800K, 30% used [0x00000000a0000000,0x00000000a2a6ac60,0x00000000a8980000)
 Metaspace       used 71701K, capacity 74518K, committed 74624K, reserved 1114112K
  class space    used 10004K, capacity 10596K, committed 10624K, reserved 1048576K
GC Heap History (10 events):
Event: 33.260 GC heap before
{Heap before GC invocations=13 (full 2):
 PSYoungGen      total 140288K, used 140273K [0x00000000e0000000, 0x00000000ea400000, 0x0000000100000000)
  eden space 128000K, 100% used [0x00000000e0000000,0x00000000e7d00000,0x00000000e7d00000)
  from space 12288K, 99% used [0x00000000e9800000,0x00000000ea3fc6b0,0x00000000ea400000)
  to   space 14848K, 0% used [0x00000000e8700000,0x00000000e8700000,0x00000000e9580000)
 ParOldGen       total 94720K, used 20025K [0x00000000a0000000, 0x00000000a5c80000, 0x00000000e0000000)
  object space 94720K, 21% used [0x00000000a0000000,0x00000000a138e5f8,0x00000000a5c80000)
 Metaspace       used 55843K, capacity 57470K, committed 57728K, reserved 1099776K
  class space    used 7880K, capacity 8244K, committed 8320K, reserved 1048576K
Event: 33.313 GC heap after
Heap after GC invocations=13 (full 2):
 PSYoungGen      total 153088K, used 14763K [0x00000000e0000000, 0x00000000eb880000, 0x0000000100000000)
  eden space 138240K, 0% used [0x00000000e0000000,0x00000000e0000000,0x00000000e8700000)
  from space 14848K, 99% used [0x00000000e8700000,0x00000000e956afe8,0x00000000e9580000)
  to   space 16384K, 0% used [0x00000000ea880000,0x00000000ea880000,0x00000000eb880000)
 ParOldGen       total 94720K, used 26045K [0x00000000a0000000, 0x00000000a5c80000, 0x00000000e0000000)
  object space 94720K, 27% used [0x00000000a0000000,0x00000000a196f640,0x00000000a5c80000)
 Metaspace       used 55843K, capacity 57470K, committed 57728K, reserved 1099776K
  class space    used 7880K, capacity 8244K, committed 8320K, reserved 1048576K
}
Event: 35.862 GC heap before
{Heap before GC invocations=14 (full 2):
 PSYoungGen      total 153088K, used 32443K [0x00000000e0000000, 0x00000000eb880000, 0x0000000100000000)
  eden space 138240K, 12% used [0x00000000e0000000,0x00000000e1143d90,0x00000000e8700000)
  from space 14848K, 99% used [0x00000000e8700000,0x00000000e956afe8,0x00000000e9580000)
  to   space 16384K, 0% used [0x00000000ea880000,0x00000000ea880000,0x00000000eb880000)
 ParOldGen       total 94720K, used 26045K [0x00000000a0000000, 0x00000000a5c80000, 0x00000000e0000000)
  object space 94720K, 27% used [0x00000000a0000000,0x00000000a196f640,0x00000000a5c80000)
 Metaspace       used 57293K, capacity 59050K, committed 59160K, reserved 1099776K
  class space    used 8125K, capacity 8524K, committed 8576K, reserved 1048576K
Event: 35.896 GC heap after
Heap after GC invocations=14 (full 2):
 PSYoungGen      total 172544K, used 9622K [0x00000000e0000000, 0x00000000ec600000, 0x0000000100000000)
  eden space 156160K, 0% used [0x00000000e0000000,0x00000000e0000000,0x00000000e9880000)
  from space 16384K, 58% used [0x00000000ea880000,0x00000000eb1e5930,0x00000000eb880000)
  to   space 16384K, 0% used [0x00000000e9880000,0x00000000e9880000,0x00000000ea880000)
 ParOldGen       total 94720K, used 26053K [0x00000000a0000000, 0x00000000a5c80000, 0x00000000e0000000)
  object space 94720K, 27% used [0x00000000a0000000,0x00000000a1971640,0x00000000a5c80000)
 Metaspace       used 57293K, capacity 59050K, committed 59160K, reserved 1099776K
  class space    used 8125K, capacity 8524K, committed 8576K, reserved 1048576K
}
Event: 35.896 GC heap before
{Heap before GC invocations=15 (full 3):
 PSYoungGen      total 172544K, used 9622K [0x00000000e0000000, 0x00000000ec600000, 0x0000000100000000)
  eden space 156160K, 0% used [0x00000000e0000000,0x00000000e0000000,0x00000000e9880000)
  from space 16384K, 58% used [0x00000000ea880000,0x00000000eb1e5930,0x00000000eb880000)
  to   space 16384K, 0% used [0x00000000e9880000,0x00000000e9880000,0x00000000ea880000)
 ParOldGen       total 94720K, used 26053K [0x00000000a0000000, 0x00000000a5c80000, 0x00000000e0000000)
  object space 94720K, 27% used [0x00000000a0000000,0x00000000a1971640,0x00000000a5c80000)
 Metaspace       used 57293K, capacity 59050K, committed 59160K, reserved 1099776K
  class space    used 8125K, capacity 8524K, committed 8576K, reserved 1048576K
Event: 36.611 GC heap after
Heap after GC invocations=15 (full 3):
 PSYoungGen      total 172544K, used 0K [0x00000000e0000000, 0x00000000ec600000, 0x0000000100000000)
  eden space 156160K, 0% used [0x00000000e0000000,0x00000000e0000000,0x00000000e9880000)
  from space 16384K, 0% used [0x00000000ea880000,0x00000000ea880000,0x00000000eb880000)
  to   space 16384K, 0% used [0x00000000e9880000,0x00000000e9880000,0x00000000ea880000)
 ParOldGen       total 140800K, used 29842K [0x00000000a0000000, 0x00000000a8980000, 0x00000000e0000000)
  object space 140800K, 21% used [0x00000000a0000000,0x00000000a1d249f8,0x00000000a8980000)
 Metaspace       used 57293K, capacity 59050K, committed 59160K, reserved 1099776K
  class space    used 8125K, capacity 8524K, committed 8576K, reserved 1048576K
}
Event: 47.560 GC heap before
{Heap before GC invocations=16 (full 3):
 PSYoungGen      total 172544K, used 156160K [0x00000000e0000000, 0x00000000ec600000, 0x0000000100000000)
  eden space 156160K, 100% used [0x00000000e0000000,0x00000000e9880000,0x00000000e9880000)
  from space 16384K, 0% used [0x00000000ea880000,0x00000000ea880000,0x00000000eb880000)
  to   space 16384K, 0% used [0x00000000e9880000,0x00000000e9880000,0x00000000ea880000)
 ParOldGen       total 140800K, used 29842K [0x00000000a0000000, 0x00000000a8980000, 0x00000000e0000000)
  object space 140800K, 21% used [0x00000000a0000000,0x00000000a1d249f8,0x00000000a8980000)
 Metaspace       used 63065K, capacity 65230K, committed 65408K, reserved 1105920K
  class space    used 8774K, capacity 9280K, committed 9344K, reserved 1048576K
Event: 47.579 GC heap after
Heap after GC invocations=16 (full 3):
 PSYoungGen      total 172544K, used 7385K [0x00000000e0000000, 0x00000000ecd00000, 0x0000000100000000)
  eden space 156160K, 0% used [0x00000000e0000000,0x00000000e0000000,0x00000000e9880000)
  from space 16384K, 45% used [0x00000000e9880000,0x00000000e9fb66a0,0x00000000ea880000)
  to   space 15872K, 0% used [0x00000000ebd80000,0x00000000ebd80000,0x00000000ecd00000)
 ParOldGen       total 140800K, used 29850K [0x00000000a0000000, 0x00000000a8980000, 0x00000000e0000000)
  object space 140800K, 21% used [0x00000000a0000000,0x00000000a1d269f8,0x00000000a8980000)
 Metaspace       used 63065K, capacity 65230K, committed 65408K, reserved 1105920K
  class space    used 8774K, capacity 9280K, committed 9344K, reserved 1048576K
}
Event: 51.561 GC heap before
{Heap before GC invocations=17 (full 3):
 PSYoungGen      total 172544K, used 163545K [0x00000000e0000000, 0x00000000ecd00000, 0x0000000100000000)
  eden space 156160K, 100% used [0x00000000e0000000,0x00000000e9880000,0x00000000e9880000)
  from space 16384K, 45% used [0x00000000e9880000,0x00000000e9fb66a0,0x00000000ea880000)
  to   space 15872K, 0% used [0x00000000ebd80000,0x00000000ebd80000,0x00000000ecd00000)
 ParOldGen       total 140800K, used 29850K [0x00000000a0000000, 0x00000000a8980000, 0x00000000e0000000)
  object space 140800K, 21% used [0x00000000a0000000,0x00000000a1d269f8,0x00000000a8980000)
 Metaspace       used 71232K, capacity 74014K, committed 74112K, reserved 1112064K
  class space    used 9959K, capacity 10570K, committed 10624K, reserved 1048576K
Event: 51.646 GC heap after
Heap after GC invocations=17 (full 3):
 PSYoungGen      total 187392K, used 15847K [0x00000000e0000000, 0x00000000edf00000, 0x0000000100000000)
  eden space 171520K, 0% used [0x00000000e0000000,0x00000000e0000000,0x00000000ea780000)
  from space 15872K, 99% used [0x00000000ebd80000,0x00000000eccf9df0,0x00000000ecd00000)
  to   space 22528K, 0% used [0x00000000ea780000,0x00000000ea780000,0x00000000ebd80000)
 ParOldGen       total 140800K, used 43435K [0x00000000a0000000, 0x00000000a8980000, 0x00000000e0000000)
  object space 140800K, 30% used [0x00000000a0000000,0x00000000a2a6ac60,0x00000000a8980000)
 Metaspace       used 71232K, capacity 74014K, committed 74112K, reserved 1112064K
  class space    used 9959K, capacity 10570K, committed 10624K, reserved 1048576K
}

